[2025-11-26 07:12:30 -0500] [6296] [INFO] Starting gunicorn 21.2.0
[2025-11-26 07:12:30 -0500] [6296] [INFO] Listening at: http://0.0.0.0:5000 (6296)
[2025-11-26 07:12:30 -0500] [6296] [INFO] Using worker: sync
[2025-11-26 07:12:30 -0500] [6297] [INFO] Booting worker with pid: 6297
[2025-11-26 07:12:30 -0500] [6298] [INFO] Booting worker with pid: 6298
[2025-11-26 07:12:30 -0500] [6299] [INFO] Booting worker with pid: 6299
[2025-11-26 07:12:30 -0500] [6300] [INFO] Booting worker with pid: 6300
[2025-11-26 07:12:31 -0500] [6298] [ERROR] Exception in worker process
Traceback (most recent call last):
  File "/home/ubuntu/Full-stack-restructured/api/venv/lib/python3.11/site-packages/gunicorn/arbiter.py", line 609, in spawn_worker
    worker.init_process()
  File "/home/ubuntu/Full-stack-restructured/api/venv/lib/python3.11/site-packages/gunicorn/workers/base.py", line 134, in init_process
    self.load_wsgi()
  File "/home/ubuntu/Full-stack-restructured/api/venv/lib/python3.11/site-packages/gunicorn/workers/base.py", line 146, in load_wsgi
    self.wsgi = self.app.wsgi()
                ^^^^^^^^^^^^^^^
  File "/home/ubuntu/Full-stack-restructured/api/venv/lib/python3.11/site-packages/gunicorn/app/base.py", line 67, in wsgi
    self.callable = self.load()
                    ^^^^^^^^^^^
  File "/home/ubuntu/Full-stack-restructured/api/venv/lib/python3.11/site-packages/gunicorn/app/wsgiapp.py", line 58, in load
    return self.load_wsgiapp()
           ^^^^^^^^^^^^^^^^^^^
  File "/home/ubuntu/Full-stack-restructured/api/venv/lib/python3.11/site-packages/gunicorn/app/wsgiapp.py", line 48, in load_wsgiapp
    return util.import_app(self.app_uri)
           ^^^^^^^^^^^^^^^^^^^^^^^^^^^^^
  File "/home/ubuntu/Full-stack-restructured/api/venv/lib/python3.11/site-packages/gunicorn/util.py", line 371, in import_app
    mod = importlib.import_module(module)
          ^^^^^^^^^^^^^^^^^^^^^^^^^^^^^^^
  File "/usr/lib/python3.11/importlib/__init__.py", line 126, in import_module
    return _bootstrap._gcd_import(name[level:], package, level)
           ^^^^^^^^^^^^^^^^^^^^^^^^^^^^^^^^^^^^^^^^^^^^^^^^^^^^
  File "<frozen importlib._bootstrap>", line 1206, in _gcd_import
  File "<frozen importlib._bootstrap>", line 1178, in _find_and_load
  File "<frozen importlib._bootstrap>", line 1149, in _find_and_load_unlocked
  File "<frozen importlib._bootstrap>", line 690, in _load_unlocked
  File "<frozen importlib._bootstrap_external>", line 940, in exec_module
  File "<frozen importlib._bootstrap>", line 241, in _call_with_frames_removed
  File "/home/ubuntu/Full-stack-restructured/api/index.py", line 51, in <module>
    from api.routes.admin_fixes import admin_fixes_bp
  File "/home/ubuntu/Full-stack-restructured/api/routes/admin_fixes.py", line 3, in <module>
    from api.index import db
  File "/home/ubuntu/Full-stack-restructured/api/index.py", line 51, in <module>
    from api.routes.admin_fixes import admin_fixes_bp
ImportError: cannot import name 'admin_fixes_bp' from partially initialized module 'api.routes.admin_fixes' (most likely due to a circular import) (/home/ubuntu/Full-stack-restructured/api/routes/admin_fixes.py)
[2025-11-26 07:12:31 -0500] [6298] [INFO] Worker exiting (pid: 6298)
[2025-11-26 07:12:31 -0500] [6297] [ERROR] Exception in worker process
Traceback (most recent call last):
  File "/home/ubuntu/Full-stack-restructured/api/venv/lib/python3.11/site-packages/gunicorn/arbiter.py", line 609, in spawn_worker
    worker.init_process()
  File "/home/ubuntu/Full-stack-restructured/api/venv/lib/python3.11/site-packages/gunicorn/workers/base.py", line 134, in init_process
    self.load_wsgi()
  File "/home/ubuntu/Full-stack-restructured/api/venv/lib/python3.11/site-packages/gunicorn/workers/base.py", line 146, in load_wsgi
    self.wsgi = self.app.wsgi()
                ^^^^^^^^^^^^^^^
  File "/home/ubuntu/Full-stack-restructured/api/venv/lib/python3.11/site-packages/gunicorn/app/base.py", line 67, in wsgi
    self.callable = self.load()
                    ^^^^^^^^^^^
  File "/home/ubuntu/Full-stack-restructured/api/venv/lib/python3.11/site-packages/gunicorn/app/wsgiapp.py", line 58, in load
    return self.load_wsgiapp()
           ^^^^^^^^^^^^^^^^^^^
  File "/home/ubuntu/Full-stack-restructured/api/venv/lib/python3.11/site-packages/gunicorn/app/wsgiapp.py", line 48, in load_wsgiapp
    return util.import_app(self.app_uri)
           ^^^^^^^^^^^^^^^^^^^^^^^^^^^^^
  File "/home/ubuntu/Full-stack-restructured/api/venv/lib/python3.11/site-packages/gunicorn/util.py", line 371, in import_app
    mod = importlib.import_module(module)
          ^^^^^^^^^^^^^^^^^^^^^^^^^^^^^^^
  File "/usr/lib/python3.11/importlib/__init__.py", line 126, in import_module
    return _bootstrap._gcd_import(name[level:], package, level)
           ^^^^^^^^^^^^^^^^^^^^^^^^^^^^^^^^^^^^^^^^^^^^^^^^^^^^
  File "<frozen importlib._bootstrap>", line 1206, in _gcd_import
  File "<frozen importlib._bootstrap>", line 1178, in _find_and_load
  File "<frozen importlib._bootstrap>", line 1149, in _find_and_load_unlocked
  File "<frozen importlib._bootstrap>", line 690, in _load_unlocked
  File "<frozen importlib._bootstrap_external>", line 940, in exec_module
  File "<frozen importlib._bootstrap>", line 241, in _call_with_frames_removed
  File "/home/ubuntu/Full-stack-restructured/api/index.py", line 51, in <module>
    from api.routes.admin_fixes import admin_fixes_bp
  File "/home/ubuntu/Full-stack-restructured/api/routes/admin_fixes.py", line 3, in <module>
    from api.index import db
  File "/home/ubuntu/Full-stack-restructured/api/index.py", line 51, in <module>
    from api.routes.admin_fixes import admin_fixes_bp
ImportError: cannot import name 'admin_fixes_bp' from partially initialized module 'api.routes.admin_fixes' (most likely due to a circular import) (/home/ubuntu/Full-stack-restructured/api/routes/admin_fixes.py)
[2025-11-26 07:12:31 -0500] [6297] [INFO] Worker exiting (pid: 6297)
[2025-11-26 07:12:31 -0500] [6299] [ERROR] Exception in worker process
Traceback (most recent call last):
  File "/home/ubuntu/Full-stack-restructured/api/venv/lib/python3.11/site-packages/gunicorn/arbiter.py", line 609, in spawn_worker
    worker.init_process()
  File "/home/ubuntu/Full-stack-restructured/api/venv/lib/python3.11/site-packages/gunicorn/workers/base.py", line 134, in init_process
    self.load_wsgi()
  File "/home/ubuntu/Full-stack-restructured/api/venv/lib/python3.11/site-packages/gunicorn/workers/base.py", line 146, in load_wsgi
    self.wsgi = self.app.wsgi()
                ^^^^^^^^^^^^^^^
  File "/home/ubuntu/Full-stack-restructured/api/venv/lib/python3.11/site-packages/gunicorn/app/base.py", line 67, in wsgi
    self.callable = self.load()
                    ^^^^^^^^^^^
  File "/home/ubuntu/Full-stack-restructured/api/venv/lib/python3.11/site-packages/gunicorn/app/wsgiapp.py", line 58, in load
    return self.load_wsgiapp()
           ^^^^^^^^^^^^^^^^^^^
  File "/home/ubuntu/Full-stack-restructured/api/venv/lib/python3.11/site-packages/gunicorn/app/wsgiapp.py", line 48, in load_wsgiapp
    return util.import_app(self.app_uri)
           ^^^^^^^^^^^^^^^^^^^^^^^^^^^^^
  File "/home/ubuntu/Full-stack-restructured/api/venv/lib/python3.11/site-packages/gunicorn/util.py", line 371, in import_app
    mod = importlib.import_module(module)
          ^^^^^^^^^^^^^^^^^^^^^^^^^^^^^^^
  File "/usr/lib/python3.11/importlib/__init__.py", line 126, in import_module
    return _bootstrap._gcd_import(name[level:], package, level)
           ^^^^^^^^^^^^^^^^^^^^^^^^^^^^^^^^^^^^^^^^^^^^^^^^^^^^
  File "<frozen importlib._bootstrap>", line 1206, in _gcd_import
  File "<frozen importlib._bootstrap>", line 1178, in _find_and_load
  File "<frozen importlib._bootstrap>", line 1149, in _find_and_load_unlocked
  File "<frozen importlib._bootstrap>", line 690, in _load_unlocked
  File "<frozen importlib._bootstrap_external>", line 940, in exec_module
  File "<frozen importlib._bootstrap>", line 241, in _call_with_frames_removed
  File "/home/ubuntu/Full-stack-restructured/api/index.py", line 51, in <module>
    from api.routes.admin_fixes import admin_fixes_bp
  File "/home/ubuntu/Full-stack-restructured/api/routes/admin_fixes.py", line 3, in <module>
    from api.index import db
  File "/home/ubuntu/Full-stack-restructured/api/index.py", line 51, in <module>
    from api.routes.admin_fixes import admin_fixes_bp
ImportError: cannot import name 'admin_fixes_bp' from partially initialized module 'api.routes.admin_fixes' (most likely due to a circular import) (/home/ubuntu/Full-stack-restructured/api/routes/admin_fixes.py)
[2025-11-26 07:12:31 -0500] [6299] [INFO] Worker exiting (pid: 6299)
[2025-11-26 07:12:31 -0500] [6300] [ERROR] Exception in worker process
Traceback (most recent call last):
  File "/home/ubuntu/Full-stack-restructured/api/venv/lib/python3.11/site-packages/gunicorn/arbiter.py", line 609, in spawn_worker
    worker.init_process()
  File "/home/ubuntu/Full-stack-restructured/api/venv/lib/python3.11/site-packages/gunicorn/workers/base.py", line 134, in init_process
    self.load_wsgi()
  File "/home/ubuntu/Full-stack-restructured/api/venv/lib/python3.11/site-packages/gunicorn/workers/base.py", line 146, in load_wsgi
    self.wsgi = self.app.wsgi()
                ^^^^^^^^^^^^^^^
  File "/home/ubuntu/Full-stack-restructured/api/venv/lib/python3.11/site-packages/gunicorn/app/base.py", line 67, in wsgi
    self.callable = self.load()
                    ^^^^^^^^^^^
  File "/home/ubuntu/Full-stack-restructured/api/venv/lib/python3.11/site-packages/gunicorn/app/wsgiapp.py", line 58, in load
    return self.load_wsgiapp()
           ^^^^^^^^^^^^^^^^^^^
  File "/home/ubuntu/Full-stack-restructured/api/venv/lib/python3.11/site-packages/gunicorn/app/wsgiapp.py", line 48, in load_wsgiapp
    return util.import_app(self.app_uri)
           ^^^^^^^^^^^^^^^^^^^^^^^^^^^^^
  File "/home/ubuntu/Full-stack-restructured/api/venv/lib/python3.11/site-packages/gunicorn/util.py", line 371, in import_app
    mod = importlib.import_module(module)
          ^^^^^^^^^^^^^^^^^^^^^^^^^^^^^^^
  File "/usr/lib/python3.11/importlib/__init__.py", line 126, in import_module
    return _bootstrap._gcd_import(name[level:], package, level)
           ^^^^^^^^^^^^^^^^^^^^^^^^^^^^^^^^^^^^^^^^^^^^^^^^^^^^
  File "<frozen importlib._bootstrap>", line 1206, in _gcd_import
  File "<frozen importlib._bootstrap>", line 1178, in _find_and_load
  File "<frozen importlib._bootstrap>", line 1149, in _find_and_load_unlocked
  File "<frozen importlib._bootstrap>", line 690, in _load_unlocked
  File "<frozen importlib._bootstrap_external>", line 940, in exec_module
  File "<frozen importlib._bootstrap>", line 241, in _call_with_frames_removed
  File "/home/ubuntu/Full-stack-restructured/api/index.py", line 51, in <module>
    from api.routes.admin_fixes import admin_fixes_bp
  File "/home/ubuntu/Full-stack-restructured/api/routes/admin_fixes.py", line 3, in <module>
    from api.index import db
  File "/home/ubuntu/Full-stack-restructured/api/index.py", line 51, in <module>
    from api.routes.admin_fixes import admin_fixes_bp
ImportError: cannot import name 'admin_fixes_bp' from partially initialized module 'api.routes.admin_fixes' (most likely due to a circular import) (/home/ubuntu/Full-stack-restructured/api/routes/admin_fixes.py)
[2025-11-26 07:12:31 -0500] [6300] [INFO] Worker exiting (pid: 6300)
[2025-11-26 07:12:31 -0500] [6296] [ERROR] Worker (pid:6298) exited with code 3
[2025-11-26 07:12:31 -0500] [6296] [ERROR] Worker (pid:6299) exited with code 3
Traceback (most recent call last):
  File "/home/ubuntu/Full-stack-restructured/api/venv/lib/python3.11/site-packages/gunicorn/arbiter.py", line 209, in run
    self.sleep()
  File "/home/ubuntu/Full-stack-restructured/api/venv/lib/python3.11/site-packages/gunicorn/arbiter.py", line 360, in sleep
    ready = select.select([self.PIPE[0]], [], [], 1.0)
            ^^^^^^^^^^^^^^^^^^^^^^^^^^^^^^^^^^^^^^^^^^
  File "/home/ubuntu/Full-stack-restructured/api/venv/lib/python3.11/site-packages/gunicorn/arbiter.py", line 242, in handle_chld
    self.reap_workers()
  File "/home/ubuntu/Full-stack-restructured/api/venv/lib/python3.11/site-packages/gunicorn/arbiter.py", line 530, in reap_workers
    raise HaltServer(reason, self.WORKER_BOOT_ERROR)
gunicorn.errors.HaltServer: <HaltServer 'Worker failed to boot.' 3>

During handling of the above exception, another exception occurred:

Traceback (most recent call last):
  File "/home/ubuntu/Full-stack-restructured/api/venv/bin/gunicorn", line 8, in <module>
    sys.exit(run())
             ^^^^^
  File "/home/ubuntu/Full-stack-restructured/api/venv/lib/python3.11/site-packages/gunicorn/app/wsgiapp.py", line 67, in run
    WSGIApplication("%(prog)s [OPTIONS] [APP_MODULE]").run()
  File "/home/ubuntu/Full-stack-restructured/api/venv/lib/python3.11/site-packages/gunicorn/app/base.py", line 236, in run
    super().run()
  File "/home/ubuntu/Full-stack-restructured/api/venv/lib/python3.11/site-packages/gunicorn/app/base.py", line 72, in run
    Arbiter(self).run()
  File "/home/ubuntu/Full-stack-restructured/api/venv/lib/python3.11/site-packages/gunicorn/arbiter.py", line 229, in run
    self.halt(reason=inst.reason, exit_status=inst.exit_status)
  File "/home/ubuntu/Full-stack-restructured/api/venv/lib/python3.11/site-packages/gunicorn/arbiter.py", line 342, in halt
    self.stop()
  File "/home/ubuntu/Full-stack-restructured/api/venv/lib/python3.11/site-packages/gunicorn/arbiter.py", line 396, in stop
    time.sleep(0.1)
  File "/home/ubuntu/Full-stack-restructured/api/venv/lib/python3.11/site-packages/gunicorn/arbiter.py", line 242, in handle_chld
    self.reap_workers()
  File "/home/ubuntu/Full-stack-restructured/api/venv/lib/python3.11/site-packages/gunicorn/arbiter.py", line 530, in reap_workers
    raise HaltServer(reason, self.WORKER_BOOT_ERROR)
gunicorn.errors.HaltServer: <HaltServer 'Worker failed to boot.' 3>
